/*
 *  CMSIS Pack Debug Access Sequence Log
 *  File        : C:\Users\MintCat\Desktop\Blink_Led\MDK-ARM\Blink_Led_Sequences_0001.log
 *  Created     : 13:50:13 (05/09/2023)
 *  Device      : STM32F103C8
 *  PDSC File   : C:/Users/MintCat/AppData/Local/Arm/Packs/Keil/STM32F1xx_DFP/2.4.1/Keil.STM32F1xx_DFP.pdsc
 *  Config File : C:\Users\MintCat\Desktop\Blink_Led\MDK-ARM\DebugConfig\Blink_Led_STM32F103C8_1.0.0.dbgconf
 *
 */

[13:50:13.792]  **********  Sequence "DebugDeviceUnlock"  (Context="Connect", Pname="", info="")
[13:50:13.792]  
[13:50:13.813]  <debugvars>
[13:50:13.836]    // Pre-defined
[13:50:13.862]    __protocol=0x00010002      (Protocol="SWD", SWJ-DP="True")
[13:50:13.882]    __connection=0x00000202    (Connection Type="Flash", Reset Type="System Reset")
[13:50:13.893]    __dp=0x00000000
[13:50:13.893]    __ap=0x00000000
[13:50:13.893]    __traceout=0x00000000      (Trace Disabled)
[13:50:13.893]    __errorcontrol=0x00000000  (Skip Errors="False")
[13:50:13.898]    __FlashAddr=0x00000000
[13:50:13.898]    __FlashLen=0x00000000
[13:50:13.898]    __FlashArg=0x00000000
[13:50:13.898]    __FlashOp=0x00000000
[13:50:13.902]    __Result=0x00000000
[13:50:13.902]    
[13:50:13.902]    // User-defined
[13:50:13.902]    DbgMCU_CR=0x00000007
[13:50:13.902]  </debugvars>
[13:50:13.907]  
[13:50:13.907]  <sequence name="DebugDeviceUnlock" Pname="" disable="false" info="">
[13:50:13.907]    <block atomic="false" info="">
[13:50:13.907]      Sequence("CheckID");
[13:50:13.913]        <sequence name="CheckID" Pname="" disable="false" info="">
[13:50:13.913]          <block atomic="false" info="">
[13:50:13.913]            __var pidr1 = 0;
[13:50:13.913]              // -> [pidr1 <= 0x00000000]
[13:50:13.917]            __var pidr2 = 0;
[13:50:13.917]              // -> [pidr2 <= 0x00000000]
[13:50:13.917]            __var jep106id = 0;
[13:50:13.917]              // -> [jep106id <= 0x00000000]
[13:50:13.917]            __var ROMTableBase = 0;
[13:50:13.922]              // -> [ROMTableBase <= 0x00000000]
[13:50:13.922]            __ap = 0;      // AHB-AP
[13:50:13.922]              // -> [__ap <= 0x00000000]
[13:50:13.922]            ROMTableBase = ReadAP(0xF8) & ~0x3;
[13:50:13.927]              // -> [ReadAP(0x000000F8) => 0xE00FF003]   (__dp=0x00000000, __ap=0x00000000)
[13:50:13.927]              // -> [ROMTableBase <= 0xE00FF000]
[13:50:13.927]            pidr1 = Read32(ROMTableBase + 0x0FE4);
[13:50:13.933]              // -> [Read32(0xE00FFFE4) => 0x000000B4]   (__dp=0x00000000, __ap=0x00000000)
[13:50:13.933]              // -> [pidr1 <= 0x000000B4]
[13:50:13.933]            pidr2 = Read32(ROMTableBase + 0x0FE8);
[13:50:13.937]              // -> [Read32(0xE00FFFE8) => 0x0000000B]   (__dp=0x00000000, __ap=0x00000000)
[13:50:13.937]              // -> [pidr2 <= 0x0000000B]
[13:50:13.937]            jep106id = ((pidr2 & 0x7) << 4 ) | ((pidr1 >> 4) & 0xF);
[13:50:13.937]              // -> [jep106id <= 0x0000003B]
[13:50:13.937]          </block>
[13:50:13.937]          <control if="jep106id != 0x20" while="" timeout="0" info="">
[13:50:13.943]            // if-block "jep106id != 0x20"
[13:50:13.943]              // =>  TRUE
[13:50:13.943]            <block atomic="false" info="">
[13:50:13.943]            </block>
[13:50:13.943]            // end if-block "jep106id != 0x20"
[13:50:13.943]          </control>
[13:50:13.943]        </sequence>
[13:50:13.943]    </block>
[13:50:13.943]  </sequence>
[13:50:13.943]  
[13:50:13.952]  **********  Sequence "DebugCoreStart"  (Context="Connect", Pname="", info="")
[13:50:13.952]  
[13:50:13.952]  <debugvars>
[13:50:13.952]    // Pre-defined
[13:50:13.952]    __protocol=0x00010002      (Protocol="SWD", SWJ-DP="True")
[13:50:13.952]    __connection=0x00000202    (Connection Type="Flash", Reset Type="System Reset")
[13:50:13.952]    __dp=0x00000000
[13:50:13.958]    __ap=0x00000000
[13:50:13.958]    __traceout=0x00000000      (Trace Disabled)
[13:50:13.960]    __errorcontrol=0x00000000  (Skip Errors="False")
[13:50:13.960]    __FlashAddr=0x00000000
[13:50:13.960]    __FlashLen=0x00000000
[13:50:13.962]    __FlashArg=0x00000000
[13:50:13.962]    __FlashOp=0x00000000
[13:50:13.962]    __Result=0x00000000
[13:50:13.962]    
[13:50:13.962]    // User-defined
[13:50:13.962]    DbgMCU_CR=0x00000007
[13:50:13.962]  </debugvars>
[13:50:13.967]  
[13:50:13.967]  <sequence name="DebugCoreStart" Pname="" disable="false" info="">
[13:50:13.967]    <block atomic="false" info="">
[13:50:13.967]      Write32(0xE000EDF0, 0xA05F0001);                                        // Enable Core Debug via DHCSR
[13:50:13.972]        // -> [Write32(0xE000EDF0, 0xA05F0001)]   (__dp=0x00000000, __ap=0x00000000)
[13:50:13.972]      Write32(0xE0042004, DbgMCU_CR);                                         // DBGMCU_CR: Configure MCU Debug
[13:50:13.972]        // -> [Write32(0xE0042004, 0x00000007)]   (__dp=0x00000000, __ap=0x00000000)
[13:50:13.972]    </block>
[13:50:13.977]  </sequence>
[13:50:13.977]  
